<?xml version="1.0" encoding="UTF-8"?>
<!-- Generated by org.testng.reporters.JUnitReportReporter -->
<testsuite hostname="SUNILs-MacBook-Pro.local" failures="0" tests="7" name="GreatLearning.DemoTest.Registration" time="23.278" errors="0" timestamp="2022-02-20T11:04:55 IST" skipped="0">
  <testcase classname="GreatLearning.DemoTest.Registration" name="LaunchingApplication" time="13.186"/>
  <system-out/>
  <testcase classname="GreatLearning.DemoTest.Registration" name="verifyingBasicInformationPageAndEnteringData" time="1.406"/>
  <system-out/>
  <testcase classname="GreatLearning.DemoTest.Registration" name="verifyingProfessionalDetailsPageAndEnteringData" time="1.461"/>
  <system-out/>
  <testcase classname="GreatLearning.DemoTest.Registration" name="verifyingUerProgrammingExperiancePageAndEnteringData" time="1.484"/>
  <system-out/>
  <testcase classname="GreatLearning.DemoTest.Registration" name="verifyingUserEducationPageAndEnteringData" time="0.901"/>
  <system-out/>
  <testcase classname="GreatLearning.DemoTest.Registration" name="verifyingLinkedinProfileEnterTextAndEnteringData" time="1.338"/>
  <system-out/>
  <testcase classname="GreatLearning.DemoTest.Registration" name="verifyingLFinalSubmission" time="3.502"/>
  <system-out/>
</testsuite> <!-- GreatLearning.DemoTest.Registration -->
